
=INFO REPORT==== 26-Jan-2013::17:43:15 ===
Starting Boss in production mode....

=INFO REPORT==== 26-Jan-2013::17:43:15 ===
Starting master services on 'todo@Mikhails-MacBook-Pro'

=INFO REPORT==== 26-Jan-2013::17:43:15 ===
SSL:[]

=INFO REPORT==== 26-Jan-2013::17:43:15 ===
Loading routes from "../todo/priv/todo.routes" ....

=ERROR REPORT==== 26-Jan-2013::17:43:15 ===
GET /poll/getUpdate/1359214936218184 [todo] 404 0ms

=ERROR REPORT==== 26-Jan-2013::17:43:15 ===
GET /poll/getUpdate/1359214936370601 [todo] 404 0ms

=ERROR REPORT==== 26-Jan-2013::17:43:15 ===
GET /poll/getUpdate/1359214936370601 [todo] 404 0ms

=ERROR REPORT==== 26-Jan-2013::17:43:15 ===
GET /poll/getUpdate/1359214936218184 [todo] 404 0ms

=ERROR REPORT==== 26-Jan-2013::17:43:15 ===
GET /poll/getUpdate/1359214936370601 [todo] 404 0ms

=ERROR REPORT==== 26-Jan-2013::17:43:15 ===
GET /poll/getUpdate/1359214936218184 [todo] 404 0ms

=ERROR REPORT==== 26-Jan-2013::17:43:15 ===
GET /poll/getUpdate/1359214936370601 [todo] 404 0ms

=ERROR REPORT==== 26-Jan-2013::17:43:16 ===
GET /poll/getUpdate/1359214936370601 [todo] 404 0ms

=ERROR REPORT==== 26-Jan-2013::17:43:16 ===
GET /poll/getUpdate/1359214936218184 [todo] 404 0ms

=ERROR REPORT==== 26-Jan-2013::17:43:16 ===
GET /poll/getUpdate/1359214936370601 [todo] 404 0ms

=ERROR REPORT==== 26-Jan-2013::17:43:16 ===
GET /poll/getUpdate/1359214936218184 [todo] 404 0ms

=ERROR REPORT==== 26-Jan-2013::17:43:16 ===
GET /poll/getUpdate/1359214936370601 [todo] 404 0ms

=ERROR REPORT==== 26-Jan-2013::17:43:16 ===
GET /poll/getUpdate/1359214936370601 [todo] 404 0ms

=ERROR REPORT==== 26-Jan-2013::17:43:16 ===
GET /poll/getUpdate/1359214936218184 [todo] 404 0ms

=ERROR REPORT==== 26-Jan-2013::17:43:16 ===
GET /poll/getUpdate/1359214936370601 [todo] 404 0ms

=ERROR REPORT==== 26-Jan-2013::17:43:16 ===
GET /poll/getUpdate/1359214936370601 [todo] 404 0ms

=ERROR REPORT==== 26-Jan-2013::17:43:16 ===
GET /poll/getUpdate/1359214936218184 [todo] 404 0ms

=ERROR REPORT==== 26-Jan-2013::17:43:16 ===
GET /poll/getUpdate/1359214936370601 [todo] 404 0ms

=ERROR REPORT==== 26-Jan-2013::17:43:16 ===
GET /poll/getUpdate/1359214936218184 [todo] 404 0ms

=ERROR REPORT==== 26-Jan-2013::17:43:16 ===
GET /poll/getUpdate/1359214936370601 [todo] 404 0ms

=ERROR REPORT==== 26-Jan-2013::17:43:16 ===
GET /poll/getUpdate/1359214936218184 [todo] 404 0ms

=ERROR REPORT==== 26-Jan-2013::17:43:16 ===
GET /poll/getUpdate/1359214936370601 [todo] 404 0ms

=ERROR REPORT==== 26-Jan-2013::17:43:16 ===
GET /poll/getUpdate/1359214936218184 [todo] 404 0ms

=ERROR REPORT==== 26-Jan-2013::17:43:16 ===
GET /poll/getUpdate/1359214936370601 [todo] 404 0ms

=ERROR REPORT==== 26-Jan-2013::17:43:16 ===
GET /poll/getUpdate/1359214936218184 [todo] 404 0ms

=ERROR REPORT==== 26-Jan-2013::17:43:16 ===
GET /poll/getUpdate/1359214936370601 [todo] 404 0ms

=ERROR REPORT==== 26-Jan-2013::17:43:16 ===
GET /poll/getUpdate/1359214936370601 [todo] 404 0ms

=ERROR REPORT==== 26-Jan-2013::17:43:16 ===
GET /poll/getUpdate/1359214936218184 [todo] 404 0ms

=ERROR REPORT==== 26-Jan-2013::17:43:16 ===
GET /poll/getUpdate/1359214936370601 [todo] 404 0ms

=ERROR REPORT==== 26-Jan-2013::17:43:16 ===
GET /poll/getUpdate/1359214936218184 [todo] 404 0ms

=ERROR REPORT==== 26-Jan-2013::17:43:16 ===
GET /poll/getUpdate/1359214936370601 [todo] 404 0ms

=ERROR REPORT==== 26-Jan-2013::17:43:16 ===
** Generic server <0.243.0> terminating 
** Last message in was {route,"/"}
** When Server state == {state,todo,[],110613,114708}
** Reason for termination == 
** {'module could not be loaded',
       [{todo_home_controller,module_info,[exports],[]},
        {boss_controller_lib,convert_params_to_tokens,3,
            [{file,"src/boss/boss_controller_lib.erl"},{line,5}]},
        {boss_router_controller,handle_call,3,
            [{file,"src/boss/boss_router_controller.erl"},{line,73}]},
        {gen_server,handle_msg,5,[{file,"gen_server.erl"},{line,588}]},
        {proc_lib,init_p_do_apply,3,[{file,"proc_lib.erl"},{line,227}]}]}

=INFO REPORT==== 26-Jan-2013::17:43:16 ===
Loading routes from "../todo/priv/todo.routes" ....

=ERROR REPORT==== 26-Jan-2013::17:43:16 ===
** Generic server <0.253.0> terminating 
** Last message in was {route,"/"}
** When Server state == {state,todo,[],118804,122901}
** Reason for termination == 
** {'module could not be loaded',
       [{todo_home_controller,module_info,[exports],[]},
        {boss_controller_lib,convert_params_to_tokens,3,
            [{file,"src/boss/boss_controller_lib.erl"},{line,5}]},
        {boss_router_controller,handle_call,3,
            [{file,"src/boss/boss_router_controller.erl"},{line,73}]},
        {gen_server,handle_msg,5,[{file,"gen_server.erl"},{line,588}]},
        {proc_lib,init_p_do_apply,3,[{file,"proc_lib.erl"},{line,227}]}]}

=INFO REPORT==== 26-Jan-2013::17:43:16 ===
Loading routes from "../todo/priv/todo.routes" ....

=ERROR REPORT==== 26-Jan-2013::17:43:16 ===
GET /poll/getUpdate/1359214936218184 [todo] 404 0ms

=ERROR REPORT==== 26-Jan-2013::17:43:16 ===
GET /poll/getUpdate/1359214936218184 [todo] 404 0ms

=ERROR REPORT==== 26-Jan-2013::17:43:16 ===
GET /poll/getUpdate/1359214936218184 [todo] 404 0ms

=ERROR REPORT==== 26-Jan-2013::17:43:16 ===
GET /poll/getUpdate/1359214936218184 [todo] 404 0ms

=ERROR REPORT==== 26-Jan-2013::17:43:16 ===
GET /poll/getUpdate/1359214936218184 [todo] 404 0ms

=ERROR REPORT==== 26-Jan-2013::17:43:16 ===
GET /poll/getUpdate/1359214936218184 [todo] 404 0ms

=ERROR REPORT==== 26-Jan-2013::17:43:16 ===
GET /poll/getUpdate/1359214936218184 [todo] 404 0ms

=ERROR REPORT==== 26-Jan-2013::17:43:16 ===
GET /poll/getUpdate/1359214936218184 [todo] 404 0ms

=ERROR REPORT==== 26-Jan-2013::17:43:16 ===
GET /poll/getUpdate/1359214936218184 [todo] 404 0ms

=ERROR REPORT==== 26-Jan-2013::17:43:16 ===
GET /poll/getUpdate/1359214936218184 [todo] 404 0ms

=ERROR REPORT==== 26-Jan-2013::17:43:16 ===
GET /poll/getUpdate/1359214936218184 [todo] 404 0ms

=ERROR REPORT==== 26-Jan-2013::17:43:16 ===
GET /poll/getUpdate/1359214936218184 [todo] 404 0ms

=ERROR REPORT==== 26-Jan-2013::17:43:16 ===
GET /poll/getUpdate/1359214936218184 [todo] 404 0ms

=ERROR REPORT==== 26-Jan-2013::17:43:16 ===
GET /poll/getUpdate/1359214936218184 [todo] 404 0ms

=ERROR REPORT==== 26-Jan-2013::17:43:16 ===
GET /poll/getUpdate/1359214936218184 [todo] 404 0ms

=ERROR REPORT==== 26-Jan-2013::17:43:16 ===
GET /poll/getUpdate/1359214936218184 [todo] 404 0ms

=ERROR REPORT==== 26-Jan-2013::17:43:16 ===
GET /poll/getUpdate/1359214936218184 [todo] 404 0ms

=ERROR REPORT==== 26-Jan-2013::17:43:16 ===
GET /poll/getUpdate/1359214936218184 [todo] 404 0ms

=ERROR REPORT==== 26-Jan-2013::17:43:16 ===
GET /poll/getUpdate/1359214936218184 [todo] 404 0ms

=ERROR REPORT==== 26-Jan-2013::17:43:16 ===
GET /poll/getUpdate/1359214936218184 [todo] 404 0ms

=ERROR REPORT==== 26-Jan-2013::17:43:16 ===
GET /poll/getUpdate/1359214936218184 [todo] 404 0ms

=ERROR REPORT==== 26-Jan-2013::17:43:16 ===
GET /poll/getUpdate/1359214936218184 [todo] 404 0ms

=ERROR REPORT==== 26-Jan-2013::17:43:16 ===
GET /poll/getUpdate/1359214936218184 [todo] 404 0ms

=ERROR REPORT==== 26-Jan-2013::17:43:16 ===
GET /poll/getUpdate/1359214936218184 [todo] 404 0ms

=ERROR REPORT==== 26-Jan-2013::17:43:16 ===
GET /poll/getUpdate/1359214936218184 [todo] 404 0ms

=ERROR REPORT==== 26-Jan-2013::17:43:16 ===
GET /poll/getUpdate/1359214936218184 [todo] 404 0ms

=ERROR REPORT==== 26-Jan-2013::17:43:16 ===
GET /poll/getUpdate/1359214936218184 [todo] 404 0ms

=ERROR REPORT==== 26-Jan-2013::17:43:16 ===
GET /poll/getUpdate/1359214936218184 [todo] 404 0ms

=ERROR REPORT==== 26-Jan-2013::17:43:16 ===
GET /poll/getUpdate/1359214936218184 [todo] 404 0ms

=ERROR REPORT==== 26-Jan-2013::17:43:16 ===
GET /poll/getUpdate/1359214936218184 [todo] 404 0ms

=ERROR REPORT==== 26-Jan-2013::17:43:16 ===
GET /poll/getUpdate/1359214936218184 [todo] 404 0ms

=ERROR REPORT==== 26-Jan-2013::17:43:16 ===
GET /poll/getUpdate/1359214936218184 [todo] 404 0ms

=ERROR REPORT==== 26-Jan-2013::17:43:16 ===
GET /poll/getUpdate/1359214936218184 [todo] 404 0ms

=ERROR REPORT==== 26-Jan-2013::17:43:16 ===
GET /poll/getUpdate/1359214936218184 [todo] 404 0ms

=ERROR REPORT==== 26-Jan-2013::17:43:16 ===
GET /poll/getUpdate/1359214936218184 [todo] 404 0ms

=ERROR REPORT==== 26-Jan-2013::17:43:16 ===
GET /poll/getUpdate/1359214936218184 [todo] 404 0ms

=ERROR REPORT==== 26-Jan-2013::17:43:16 ===
GET /poll/getUpdate/1359214936218184 [todo] 404 0ms

=ERROR REPORT==== 26-Jan-2013::17:43:16 ===
GET /poll/getUpdate/1359214936218184 [todo] 404 0ms

=ERROR REPORT==== 26-Jan-2013::17:43:16 ===
GET /poll/getUpdate/1359214936218184 [todo] 404 0ms

=ERROR REPORT==== 26-Jan-2013::17:43:16 ===
** Generic server <0.255.0> terminating 
** Last message in was {route,"/"}
** When Server state == {state,todo,[],126997,131092}
** Reason for termination == 
** {'module could not be loaded',
       [{todo_home_controller,module_info,[exports],[]},
        {boss_controller_lib,convert_params_to_tokens,3,
            [{file,"src/boss/boss_controller_lib.erl"},{line,5}]},
        {boss_router_controller,handle_call,3,
            [{file,"src/boss/boss_router_controller.erl"},{line,73}]},
        {gen_server,handle_msg,5,[{file,"gen_server.erl"},{line,588}]},
        {proc_lib,init_p_do_apply,3,[{file,"proc_lib.erl"},{line,227}]}]}

=INFO REPORT==== 26-Jan-2013::17:43:16 ===
Loading routes from "../todo/priv/todo.routes" ....

=ERROR REPORT==== 26-Jan-2013::17:43:16 ===
GET /poll/getUpdate/1359214936218184 [todo] 404 0ms

=ERROR REPORT==== 26-Jan-2013::17:43:16 ===
GET /poll/getUpdate/1359214936218184 [todo] 404 0ms

=ERROR REPORT==== 26-Jan-2013::17:43:16 ===
GET /poll/getUpdate/1359214936218184 [todo] 404 0ms

=ERROR REPORT==== 26-Jan-2013::17:43:16 ===
GET /poll/getUpdate/1359214936218184 [todo] 404 0ms

=ERROR REPORT==== 26-Jan-2013::17:43:16 ===
GET /poll/getUpdate/1359214936218184 [todo] 404 0ms

=ERROR REPORT==== 26-Jan-2013::17:43:16 ===
GET /poll/getUpdate/1359214936218184 [todo] 404 0ms

=ERROR REPORT==== 26-Jan-2013::17:43:16 ===
GET /poll/getUpdate/1359214936218184 [todo] 404 0ms

=ERROR REPORT==== 26-Jan-2013::17:43:16 ===
GET /poll/getUpdate/1359214936218184 [todo] 404 0ms

=ERROR REPORT==== 26-Jan-2013::17:43:16 ===
GET /poll/getUpdate/1359214936218184 [todo] 404 0ms

=ERROR REPORT==== 26-Jan-2013::17:43:16 ===
GET /poll/getUpdate/1359214936218184 [todo] 404 0ms

=ERROR REPORT==== 26-Jan-2013::17:43:16 ===
GET /poll/getUpdate/1359214936218184 [todo] 404 0ms

=ERROR REPORT==== 26-Jan-2013::17:43:16 ===
GET /poll/getUpdate/1359214936218184 [todo] 404 0ms

=ERROR REPORT==== 26-Jan-2013::17:43:16 ===
GET /poll/getUpdate/1359214936218184 [todo] 404 0ms

=ERROR REPORT==== 26-Jan-2013::17:43:16 ===
GET /poll/getUpdate/1359214936218184 [todo] 404 0ms

=ERROR REPORT==== 26-Jan-2013::17:43:16 ===
GET /poll/getUpdate/1359214936218184 [todo] 404 0ms

=ERROR REPORT==== 26-Jan-2013::17:43:16 ===
GET /poll/getUpdate/1359214936218184 [todo] 404 0ms

=ERROR REPORT==== 26-Jan-2013::17:43:16 ===
GET /poll/getUpdate/1359214936211355 [todo] 404 0ms

=ERROR REPORT==== 26-Jan-2013::17:43:16 ===
GET /poll/getUpdate/1359214936218184 [todo] 404 0ms

=ERROR REPORT==== 26-Jan-2013::17:43:16 ===
GET /poll/getUpdate/1359214936218184 [todo] 404 0ms

=ERROR REPORT==== 26-Jan-2013::17:43:16 ===
GET /poll/getUpdate/1359214936218184 [todo] 404 0ms

=ERROR REPORT==== 26-Jan-2013::17:43:16 ===
GET /poll/getUpdate/1359214936218184 [todo] 404 0ms

=ERROR REPORT==== 26-Jan-2013::17:43:16 ===
GET /poll/getUpdate/1359214936218184 [todo] 404 0ms

=ERROR REPORT==== 26-Jan-2013::17:43:16 ===
GET /poll/getUpdate/1359214936218184 [todo] 404 0ms

=ERROR REPORT==== 26-Jan-2013::17:43:16 ===
GET /poll/getUpdate/1359214936218184 [todo] 404 0ms

=ERROR REPORT==== 26-Jan-2013::17:43:16 ===
GET /poll/getUpdate/1359214936218184 [todo] 404 0ms

=ERROR REPORT==== 26-Jan-2013::17:43:16 ===
GET /poll/getUpdate/1359214936218184 [todo] 404 0ms

=ERROR REPORT==== 26-Jan-2013::17:43:16 ===
GET /poll/getUpdate/1359214936218184 [todo] 404 0ms

=ERROR REPORT==== 26-Jan-2013::17:43:16 ===
GET /poll/getUpdate/1359214936218184 [todo] 404 0ms

=ERROR REPORT==== 26-Jan-2013::17:43:16 ===
GET /poll/getUpdate/1359214936218184 [todo] 404 0ms

=ERROR REPORT==== 26-Jan-2013::17:43:16 ===
GET /poll/getUpdate/1359214936218184 [todo] 404 0ms

=ERROR REPORT==== 26-Jan-2013::17:43:16 ===
GET /poll/getUpdate/1359214936218184 [todo] 404 0ms

=ERROR REPORT==== 26-Jan-2013::17:43:16 ===
GET /poll/getUpdate/1359214936218184 [todo] 404 0ms

=ERROR REPORT==== 26-Jan-2013::17:43:16 ===
GET /poll/getUpdate/1359214936218184 [todo] 404 0ms

=ERROR REPORT==== 26-Jan-2013::17:43:16 ===
GET /poll/getUpdate/1359214936218184 [todo] 404 0ms

=ERROR REPORT==== 26-Jan-2013::17:43:16 ===
GET /poll/getUpdate/1359214936218184 [todo] 404 0ms

=ERROR REPORT==== 26-Jan-2013::17:43:16 ===
GET /poll/getUpdate/1359214936218184 [todo] 404 0ms

=ERROR REPORT==== 26-Jan-2013::17:43:16 ===
GET /poll/getUpdate/1359214936218184 [todo] 404 0ms

=ERROR REPORT==== 26-Jan-2013::17:43:16 ===
GET /poll/getUpdate/1359214936218184 [todo] 404 0ms

=ERROR REPORT==== 26-Jan-2013::17:43:16 ===
GET /poll/getUpdate/1359214936218184 [todo] 404 0ms

=ERROR REPORT==== 26-Jan-2013::17:43:16 ===
GET /poll/getUpdate/1359214936218184 [todo] 404 0ms

=ERROR REPORT==== 26-Jan-2013::17:43:16 ===
GET /poll/getUpdate/1359214936218184 [todo] 404 0ms

=ERROR REPORT==== 26-Jan-2013::17:43:16 ===
** Generic server <0.259.0> terminating 
** Last message in was {route,"/"}
** When Server state == {state,todo,[],135188,139285}
** Reason for termination == 
** {'module could not be loaded',
       [{todo_home_controller,module_info,[exports],[]},
        {boss_controller_lib,convert_params_to_tokens,3,
            [{file,"src/boss/boss_controller_lib.erl"},{line,5}]},
        {boss_router_controller,handle_call,3,
            [{file,"src/boss/boss_router_controller.erl"},{line,73}]},
        {gen_server,handle_msg,5,[{file,"gen_server.erl"},{line,588}]},
        {proc_lib,init_p_do_apply,3,[{file,"proc_lib.erl"},{line,227}]}]}

=INFO REPORT==== 26-Jan-2013::17:43:16 ===
Loading routes from "../todo/priv/todo.routes" ....

=ERROR REPORT==== 26-Jan-2013::17:43:16 ===
GET /poll/getUpdate/1359214936218184 [todo] 404 0ms

=ERROR REPORT==== 26-Jan-2013::17:43:16 ===
GET /poll/getUpdate/1359214936218184 [todo] 404 0ms

=ERROR REPORT==== 26-Jan-2013::17:43:16 ===
GET /poll/getUpdate/1359214936218184 [todo] 404 0ms

=ERROR REPORT==== 26-Jan-2013::17:43:16 ===
GET /poll/getUpdate/1359214936218184 [todo] 404 0ms

=ERROR REPORT==== 26-Jan-2013::17:43:16 ===
GET /poll/getUpdate/1359214936218184 [todo] 404 0ms

=ERROR REPORT==== 26-Jan-2013::17:43:16 ===
GET /poll/getUpdate/1359214936218184 [todo] 404 0ms

=ERROR REPORT==== 26-Jan-2013::17:43:16 ===
GET /poll/getUpdate/1359214936218184 [todo] 404 0ms

=ERROR REPORT==== 26-Jan-2013::17:43:16 ===
GET /apple-touch-icon-precomposed.png [todo] 404 0ms

=ERROR REPORT==== 26-Jan-2013::17:43:16 ===
GET /poll/getUpdate/1359214936218184 [todo] 404 0ms

=ERROR REPORT==== 26-Jan-2013::17:43:16 ===
GET /poll/getUpdate/1359214936218184 [todo] 404 0ms

=ERROR REPORT==== 26-Jan-2013::17:43:16 ===
GET /poll/getUpdate/1359214936218184 [todo] 404 0ms

=ERROR REPORT==== 26-Jan-2013::17:43:16 ===
GET /poll/getUpdate/1359214936218184 [todo] 404 0ms

=ERROR REPORT==== 26-Jan-2013::17:43:16 ===
GET /poll/getUpdate/1359214936218184 [todo] 404 0ms

=ERROR REPORT==== 26-Jan-2013::17:43:16 ===
GET /poll/getUpdate/1359214936218184 [todo] 404 0ms

=ERROR REPORT==== 26-Jan-2013::17:43:16 ===
GET /poll/getUpdate/1359214936218184 [todo] 404 0ms

=ERROR REPORT==== 26-Jan-2013::17:43:16 ===
GET /poll/getUpdate/1359214936218184 [todo] 404 0ms

=ERROR REPORT==== 26-Jan-2013::17:43:16 ===
GET /poll/getUpdate/1359214936218184 [todo] 404 0ms

=ERROR REPORT==== 26-Jan-2013::17:43:16 ===
GET /poll/getUpdate/1359214936218184 [todo] 404 0ms

=ERROR REPORT==== 26-Jan-2013::17:43:16 ===
GET /poll/getUpdate/1359214936218184 [todo] 404 0ms

=ERROR REPORT==== 26-Jan-2013::17:43:16 ===
GET /poll/getUpdate/1359214936218184 [todo] 404 0ms

=ERROR REPORT==== 26-Jan-2013::17:43:16 ===
GET /poll/getUpdate/1359214936218184 [todo] 404 0ms

=ERROR REPORT==== 26-Jan-2013::17:43:16 ===
GET /poll/getUpdate/1359214936218184 [todo] 404 0ms

=ERROR REPORT==== 26-Jan-2013::17:43:16 ===
GET /poll/getUpdate/1359214936218184 [todo] 404 0ms

=ERROR REPORT==== 26-Jan-2013::17:43:16 ===
GET /poll/getUpdate/1359214936218184 [todo] 404 0ms

=ERROR REPORT==== 26-Jan-2013::17:43:16 ===
GET /poll/getUpdate/1359214936218184 [todo] 404 0ms

=ERROR REPORT==== 26-Jan-2013::17:43:16 ===
GET /poll/getUpdate/1359214936218184 [todo] 404 0ms

=ERROR REPORT==== 26-Jan-2013::17:43:16 ===
GET /poll/getUpdate/1359214936218184 [todo] 404 0ms

=ERROR REPORT==== 26-Jan-2013::17:43:16 ===
GET /poll/getUpdate/1359214936218184 [todo] 404 0ms

=ERROR REPORT==== 26-Jan-2013::17:43:16 ===
GET /poll/getUpdate/1359214936218184 [todo] 404 0ms

=ERROR REPORT==== 26-Jan-2013::17:43:16 ===
GET /poll/getUpdate/1359214936218184 [todo] 404 0ms

=ERROR REPORT==== 26-Jan-2013::17:43:16 ===
GET /poll/getUpdate/1359214936218184 [todo] 404 0ms

=ERROR REPORT==== 26-Jan-2013::17:43:16 ===
GET /poll/getUpdate/1359214936218184 [todo] 404 0ms

=ERROR REPORT==== 26-Jan-2013::17:43:16 ===
GET /poll/getUpdate/1359214936218184 [todo] 404 0ms

=ERROR REPORT==== 26-Jan-2013::17:43:16 ===
** Generic server <0.263.0> terminating 
** Last message in was {route,"/"}
** When Server state == {state,todo,[],143381,147476}
** Reason for termination == 
** {'module could not be loaded',
       [{todo_home_controller,module_info,[exports],[]},
        {boss_controller_lib,convert_params_to_tokens,3,
            [{file,"src/boss/boss_controller_lib.erl"},{line,5}]},
        {boss_router_controller,handle_call,3,
            [{file,"src/boss/boss_router_controller.erl"},{line,73}]},
        {gen_server,handle_msg,5,[{file,"gen_server.erl"},{line,588}]},
        {proc_lib,init_p_do_apply,3,[{file,"proc_lib.erl"},{line,227}]}]}

=INFO REPORT==== 26-Jan-2013::17:43:16 ===
Loading routes from "../todo/priv/todo.routes" ....

=ERROR REPORT==== 26-Jan-2013::17:43:16 ===
GET /poll/getUpdate/1359214936218184 [todo] 404 0ms

=ERROR REPORT==== 26-Jan-2013::17:43:16 ===
** Generic server <0.267.0> terminating 
** Last message in was {route,"/"}
** When Server state == {state,todo,[],151572,155669}
** Reason for termination == 
** {'module could not be loaded',
       [{todo_home_controller,module_info,[exports],[]},
        {boss_controller_lib,convert_params_to_tokens,3,
            [{file,"src/boss/boss_controller_lib.erl"},{line,5}]},
        {boss_router_controller,handle_call,3,
            [{file,"src/boss/boss_router_controller.erl"},{line,73}]},
        {gen_server,handle_msg,5,[{file,"gen_server.erl"},{line,588}]},
        {proc_lib,init_p_do_apply,3,[{file,"proc_lib.erl"},{line,227}]}]}

=INFO REPORT==== 26-Jan-2013::17:43:16 ===
Loading routes from "../todo/priv/todo.routes" ....

=ERROR REPORT==== 26-Jan-2013::17:43:16 ===
GET /poll/getUpdate/1359214936218184 [todo] 404 0ms

=ERROR REPORT==== 26-Jan-2013::17:43:16 ===
GET /poll/getUpdate/1359214936218184 [todo] 404 0ms

=ERROR REPORT==== 26-Jan-2013::17:43:16 ===
GET /poll/getUpdate/1359214936218184 [todo] 404 0ms

=ERROR REPORT==== 26-Jan-2013::17:43:16 ===
GET /poll/getUpdate/1359214936218184 [todo] 404 0ms

=ERROR REPORT==== 26-Jan-2013::17:43:16 ===
GET /poll/getUpdate/1359214936218184 [todo] 404 0ms

=ERROR REPORT==== 26-Jan-2013::17:43:16 ===
GET /poll/getUpdate/1359214936218184 [todo] 404 0ms

=ERROR REPORT==== 26-Jan-2013::17:43:16 ===
GET /poll/getUpdate/1359214936218184 [todo] 404 0ms

=ERROR REPORT==== 26-Jan-2013::17:43:16 ===
GET /poll/getUpdate/1359214936218184 [todo] 404 0ms

=ERROR REPORT==== 26-Jan-2013::17:43:16 ===
GET /poll/getUpdate/1359214936218184 [todo] 404 0ms

=ERROR REPORT==== 26-Jan-2013::17:43:16 ===
GET /poll/getUpdate/1359214936218184 [todo] 404 0ms

=ERROR REPORT==== 26-Jan-2013::17:43:16 ===
GET /poll/getUpdate/1359214936218184 [todo] 404 0ms

=ERROR REPORT==== 26-Jan-2013::17:43:16 ===
GET /poll/getUpdate/1359214936218184 [todo] 404 0ms

=ERROR REPORT==== 26-Jan-2013::17:43:16 ===
GET /poll/getUpdate/1359214936218184 [todo] 404 0ms

=ERROR REPORT==== 26-Jan-2013::17:43:16 ===
GET /poll/getUpdate/1359214936218184 [todo] 404 0ms

=ERROR REPORT==== 26-Jan-2013::17:43:16 ===
GET /poll/getUpdate/1359214936218184 [todo] 404 0ms

=ERROR REPORT==== 26-Jan-2013::17:43:16 ===
GET /poll/getUpdate/1359214936218184 [todo] 404 0ms

=ERROR REPORT==== 26-Jan-2013::17:43:16 ===
GET /poll/getUpdate/1359214936218184 [todo] 404 0ms

=ERROR REPORT==== 26-Jan-2013::17:43:16 ===
GET /poll/getUpdate/1359214936218184 [todo] 404 0ms

=ERROR REPORT==== 26-Jan-2013::17:43:16 ===
GET /poll/getUpdate/1359214936218184 [todo] 404 0ms

=ERROR REPORT==== 26-Jan-2013::17:43:17 ===
GET /poll/getUpdate/1359214936218184 [todo] 404 0ms

=ERROR REPORT==== 26-Jan-2013::17:43:17 ===
GET /poll/getUpdate/1359214936218184 [todo] 404 0ms

=ERROR REPORT==== 26-Jan-2013::17:43:17 ===
GET /poll/getUpdate/1359214936218184 [todo] 404 0ms

=ERROR REPORT==== 26-Jan-2013::17:43:17 ===
GET /poll/getUpdate/1359214936218184 [todo] 404 0ms

=ERROR REPORT==== 26-Jan-2013::17:43:17 ===
GET /poll/getUpdate/1359214936218184 [todo] 404 0ms

=ERROR REPORT==== 26-Jan-2013::17:43:17 ===
GET /poll/getUpdate/1359214936218184 [todo] 404 0ms

=ERROR REPORT==== 26-Jan-2013::17:43:17 ===
GET /poll/getUpdate/1359214936218184 [todo] 404 0ms

=ERROR REPORT==== 26-Jan-2013::17:43:17 ===
GET /poll/getUpdate/1359214936218184 [todo] 404 0ms

=ERROR REPORT==== 26-Jan-2013::17:43:17 ===
GET /poll/getUpdate/1359214936218184 [todo] 404 0ms

=ERROR REPORT==== 26-Jan-2013::17:43:17 ===
GET /poll/getUpdate/1359214936218184 [todo] 404 0ms

=ERROR REPORT==== 26-Jan-2013::17:43:17 ===
GET /poll/getUpdate/1359214936218184 [todo] 404 0ms

=ERROR REPORT==== 26-Jan-2013::17:43:17 ===
GET /poll/getUpdate/1359214936218184 [todo] 404 0ms

=ERROR REPORT==== 26-Jan-2013::17:43:17 ===
GET /poll/getUpdate/1359214936218184 [todo] 404 0ms

=ERROR REPORT==== 26-Jan-2013::17:43:17 ===
** Generic server <0.271.0> terminating 
** Last message in was {route,"/"}
** When Server state == {state,todo,[],159765,163860}
** Reason for termination == 
** {'module could not be loaded',
       [{todo_home_controller,module_info,[exports],[]},
        {boss_controller_lib,convert_params_to_tokens,3,
            [{file,"src/boss/boss_controller_lib.erl"},{line,5}]},
        {boss_router_controller,handle_call,3,
            [{file,"src/boss/boss_router_controller.erl"},{line,73}]},
        {gen_server,handle_msg,5,[{file,"gen_server.erl"},{line,588}]},
        {proc_lib,init_p_do_apply,3,[{file,"proc_lib.erl"},{line,227}]}]}

=INFO REPORT==== 26-Jan-2013::17:43:17 ===
Loading routes from "../todo/priv/todo.routes" ....

=ERROR REPORT==== 26-Jan-2013::17:43:17 ===
GET /poll/getUpdate/1359214936218184 [todo] 404 0ms

=ERROR REPORT==== 26-Jan-2013::17:43:17 ===
GET /poll/getUpdate/1359214936218184 [todo] 404 0ms

=ERROR REPORT==== 26-Jan-2013::17:43:17 ===
GET /poll/getUpdate/1359214936218184 [todo] 404 0ms

=ERROR REPORT==== 26-Jan-2013::17:43:17 ===
GET /poll/getUpdate/1359214936211355 [todo] 404 0ms

=ERROR REPORT==== 26-Jan-2013::17:43:17 ===
GET /poll/getUpdate/1359214936218184 [todo] 404 0ms

=ERROR REPORT==== 26-Jan-2013::17:43:17 ===
GET /poll/getUpdate/1359214936218184 [todo] 404 0ms

=ERROR REPORT==== 26-Jan-2013::17:43:17 ===
GET /poll/getUpdate/1359214936218184 [todo] 404 0ms

=ERROR REPORT==== 26-Jan-2013::17:43:17 ===
GET /poll/getUpdate/1359214936218184 [todo] 404 0ms

=ERROR REPORT==== 26-Jan-2013::17:43:17 ===
GET /poll/getUpdate/1359214936218184 [todo] 404 0ms

=ERROR REPORT==== 26-Jan-2013::17:43:17 ===
GET /poll/getUpdate/1359214936218184 [todo] 404 0ms

=ERROR REPORT==== 26-Jan-2013::17:43:17 ===
GET /poll/getUpdate/1359214936218184 [todo] 404 0ms

=ERROR REPORT==== 26-Jan-2013::17:43:17 ===
GET /poll/getUpdate/1359214936218184 [todo] 404 0ms

=ERROR REPORT==== 26-Jan-2013::17:43:17 ===
GET /poll/getUpdate/1359214936218184 [todo] 404 0ms

=ERROR REPORT==== 26-Jan-2013::17:43:17 ===
GET /poll/getUpdate/1359214936218184 [todo] 404 0ms

=ERROR REPORT==== 26-Jan-2013::17:43:17 ===
GET /poll/getUpdate/1359214936218184 [todo] 404 0ms

=ERROR REPORT==== 26-Jan-2013::17:43:17 ===
GET /poll/getUpdate/1359214936218184 [todo] 404 0ms

=ERROR REPORT==== 26-Jan-2013::17:43:17 ===
GET /poll/getUpdate/1359214936218184 [todo] 404 0ms

=ERROR REPORT==== 26-Jan-2013::17:43:17 ===
GET /poll/getUpdate/1359214936218184 [todo] 404 0ms

=ERROR REPORT==== 26-Jan-2013::17:43:17 ===
GET /poll/getUpdate/1359214936218184 [todo] 404 0ms

=ERROR REPORT==== 26-Jan-2013::17:43:17 ===
GET /poll/getUpdate/1359214936218184 [todo] 404 0ms

=ERROR REPORT==== 26-Jan-2013::17:43:17 ===
GET /poll/getUpdate/1359214936218184 [todo] 404 0ms

=ERROR REPORT==== 26-Jan-2013::17:43:17 ===
GET /poll/getUpdate/1359214936218184 [todo] 404 0ms

=ERROR REPORT==== 26-Jan-2013::17:43:17 ===
GET /poll/getUpdate/1359214936218184 [todo] 404 0ms

=ERROR REPORT==== 26-Jan-2013::17:43:17 ===
GET /poll/getUpdate/1359214936218184 [todo] 404 0ms

=ERROR REPORT==== 26-Jan-2013::17:43:17 ===
GET /poll/getUpdate/1359214936218184 [todo] 404 0ms

=ERROR REPORT==== 26-Jan-2013::17:43:17 ===
GET /poll/getUpdate/1359214936218184 [todo] 404 0ms

=ERROR REPORT==== 26-Jan-2013::17:43:17 ===
GET /poll/getUpdate/1359214936218184 [todo] 404 0ms

=ERROR REPORT==== 26-Jan-2013::17:43:17 ===
GET /poll/getUpdate/1359214936218184 [todo] 404 0ms

=ERROR REPORT==== 26-Jan-2013::17:43:17 ===
GET /poll/getUpdate/1359214936218184 [todo] 404 0ms

=ERROR REPORT==== 26-Jan-2013::17:43:17 ===
GET /poll/getUpdate/1359214936218184 [todo] 404 0ms

=ERROR REPORT==== 26-Jan-2013::17:43:17 ===
GET /poll/getUpdate/1359214936218184 [todo] 404 0ms

=ERROR REPORT==== 26-Jan-2013::17:43:17 ===
GET /poll/getUpdate/1359214936218184 [todo] 404 0ms

=ERROR REPORT==== 26-Jan-2013::17:43:17 ===
** Generic server <0.273.0> terminating 
** Last message in was {route,"/"}
** When Server state == {state,todo,[],167956,172053}
** Reason for termination == 
** {'module could not be loaded',
       [{todo_home_controller,module_info,[exports],[]},
        {boss_controller_lib,convert_params_to_tokens,3,
            [{file,"src/boss/boss_controller_lib.erl"},{line,5}]},
        {boss_router_controller,handle_call,3,
            [{file,"src/boss/boss_router_controller.erl"},{line,73}]},
        {gen_server,handle_msg,5,[{file,"gen_server.erl"},{line,588}]},
        {proc_lib,init_p_do_apply,3,[{file,"proc_lib.erl"},{line,227}]}]}

=INFO REPORT==== 26-Jan-2013::17:43:17 ===
Loading routes from "../todo/priv/todo.routes" ....

=ERROR REPORT==== 26-Jan-2013::17:43:17 ===
GET /poll/getUpdate/1359214936218184 [todo] 404 0ms

=ERROR REPORT==== 26-Jan-2013::17:43:17 ===
GET /poll/getUpdate/1359214936218184 [todo] 404 0ms

=ERROR REPORT==== 26-Jan-2013::17:43:17 ===
GET /poll/getUpdate/1359214936218184 [todo] 404 0ms

=ERROR REPORT==== 26-Jan-2013::17:43:17 ===
GET /poll/getUpdate/1359214936218184 [todo] 404 0ms

=ERROR REPORT==== 26-Jan-2013::17:43:17 ===
GET /poll/getUpdate/1359214936218184 [todo] 404 0ms

=ERROR REPORT==== 26-Jan-2013::17:43:17 ===
GET /poll/getUpdate/1359214936218184 [todo] 404 0ms

=ERROR REPORT==== 26-Jan-2013::17:43:17 ===
GET /poll/getUpdate/1359214936218184 [todo] 404 0ms

=ERROR REPORT==== 26-Jan-2013::17:43:17 ===
GET /poll/getUpdate/1359214936218184 [todo] 404 0ms

=ERROR REPORT==== 26-Jan-2013::17:43:17 ===
GET /poll/getUpdate/1359214936218184 [todo] 404 0ms

=ERROR REPORT==== 26-Jan-2013::17:43:17 ===
GET /poll/getUpdate/1359214936218184 [todo] 404 0ms

=ERROR REPORT==== 26-Jan-2013::17:43:17 ===
GET /poll/getUpdate/1359214936218184 [todo] 404 0ms

=ERROR REPORT==== 26-Jan-2013::17:43:17 ===
GET /poll/getUpdate/1359214936218184 [todo] 404 0ms

=ERROR REPORT==== 26-Jan-2013::17:43:17 ===
GET /poll/getUpdate/1359214936218184 [todo] 404 0ms

=ERROR REPORT==== 26-Jan-2013::17:43:17 ===
GET /poll/getUpdate/1359214936218184 [todo] 404 0ms

=ERROR REPORT==== 26-Jan-2013::17:43:17 ===
GET /poll/getUpdate/1359214936218184 [todo] 404 0ms

=ERROR REPORT==== 26-Jan-2013::17:43:17 ===
GET /poll/getUpdate/1359214936218184 [todo] 404 0ms

=ERROR REPORT==== 26-Jan-2013::17:43:17 ===
GET /poll/getUpdate/1359214936218184 [todo] 404 0ms

=ERROR REPORT==== 26-Jan-2013::17:43:17 ===
GET /poll/getUpdate/1359214936218184 [todo] 404 0ms

=ERROR REPORT==== 26-Jan-2013::17:43:17 ===
GET /poll/getUpdate/1359214936218184 [todo] 404 0ms

=ERROR REPORT==== 26-Jan-2013::17:43:17 ===
GET /poll/getUpdate/1359214936218184 [todo] 404 0ms

=ERROR REPORT==== 26-Jan-2013::17:43:17 ===
GET /poll/getUpdate/1359214936218184 [todo] 404 0ms

=ERROR REPORT==== 26-Jan-2013::17:43:17 ===
GET /poll/getUpdate/1359214936218184 [todo] 404 0ms

=ERROR REPORT==== 26-Jan-2013::17:43:17 ===
GET /poll/getUpdate/1359214936218184 [todo] 404 0ms

=ERROR REPORT==== 26-Jan-2013::17:43:17 ===
GET /poll/getUpdate/1359214936218184 [todo] 404 0ms

=ERROR REPORT==== 26-Jan-2013::17:43:17 ===
GET /poll/getUpdate/1359214936218184 [todo] 404 0ms

=ERROR REPORT==== 26-Jan-2013::17:43:17 ===
GET /poll/getUpdate/1359214936218184 [todo] 404 0ms

=ERROR REPORT==== 26-Jan-2013::17:43:17 ===
GET /poll/getUpdate/1359214936218184 [todo] 404 0ms

=ERROR REPORT==== 26-Jan-2013::17:43:17 ===
GET /poll/getUpdate/1359214936218184 [todo] 404 0ms

=ERROR REPORT==== 26-Jan-2013::17:43:17 ===
GET /poll/getUpdate/1359214936218184 [todo] 404 0ms

=ERROR REPORT==== 26-Jan-2013::17:43:17 ===
GET /poll/getUpdate/1359214936218184 [todo] 404 0ms

=ERROR REPORT==== 26-Jan-2013::17:43:17 ===
GET /poll/getUpdate/1359214936218184 [todo] 404 0ms

=ERROR REPORT==== 26-Jan-2013::17:43:17 ===
** Generic server <0.278.0> terminating 
** Last message in was {route,"/"}
** When Server state == {state,todo,[],176149,180244}
** Reason for termination == 
** {'module could not be loaded',
       [{todo_home_controller,module_info,[exports],[]},
        {boss_controller_lib,convert_params_to_tokens,3,
            [{file,"src/boss/boss_controller_lib.erl"},{line,5}]},
        {boss_router_controller,handle_call,3,
            [{file,"src/boss/boss_router_controller.erl"},{line,73}]},
        {gen_server,handle_msg,5,[{file,"gen_server.erl"},{line,588}]},
        {proc_lib,init_p_do_apply,3,[{file,"proc_lib.erl"},{line,227}]}]}

=INFO REPORT==== 26-Jan-2013::17:43:17 ===
Loading routes from "../todo/priv/todo.routes" ....

=ERROR REPORT==== 26-Jan-2013::17:43:17 ===
GET /poll/getUpdate/1359214936218184 [todo] 404 0ms

=ERROR REPORT==== 26-Jan-2013::17:43:17 ===
GET /poll/getUpdate/1359214936218184 [todo] 404 0ms

=ERROR REPORT==== 26-Jan-2013::17:43:17 ===
GET /poll/getUpdate/1359214936218184 [todo] 404 0ms

=ERROR REPORT==== 26-Jan-2013::17:43:17 ===
GET /poll/getUpdate/1359214936218184 [todo] 404 0ms

=ERROR REPORT==== 26-Jan-2013::17:43:17 ===
GET /poll/getUpdate/1359214936218184 [todo] 404 0ms

=ERROR REPORT==== 26-Jan-2013::17:43:17 ===
GET /poll/getUpdate/1359214936218184 [todo] 404 0ms

=ERROR REPORT==== 26-Jan-2013::17:43:17 ===
GET /poll/getUpdate/1359214936218184 [todo] 404 0ms

=ERROR REPORT==== 26-Jan-2013::17:43:17 ===
GET /poll/getUpdate/1359214936218184 [todo] 404 0ms

=ERROR REPORT==== 26-Jan-2013::17:43:17 ===
GET /poll/getUpdate/1359214936218184 [todo] 404 0ms

=ERROR REPORT==== 26-Jan-2013::17:43:17 ===
GET /poll/getUpdate/1359214936218184 [todo] 404 0ms

=ERROR REPORT==== 26-Jan-2013::17:43:17 ===
GET /poll/getUpdate/1359214936218184 [todo] 404 0ms

=ERROR REPORT==== 26-Jan-2013::17:43:17 ===
GET /poll/getUpdate/1359214936218184 [todo] 404 0ms

=ERROR REPORT==== 26-Jan-2013::17:43:17 ===
GET /poll/getUpdate/1359214936218184 [todo] 404 0ms

=ERROR REPORT==== 26-Jan-2013::17:43:17 ===
GET /poll/getUpdate/1359214936218184 [todo] 404 0ms

=ERROR REPORT==== 26-Jan-2013::17:43:17 ===
GET /poll/getUpdate/1359214936218184 [todo] 404 0ms

=ERROR REPORT==== 26-Jan-2013::17:43:17 ===
GET /poll/getUpdate/1359214936218184 [todo] 404 0ms

=ERROR REPORT==== 26-Jan-2013::17:43:17 ===
GET /poll/getUpdate/1359214936218184 [todo] 404 0ms

=ERROR REPORT==== 26-Jan-2013::17:43:17 ===
GET /poll/getUpdate/1359214936218184 [todo] 404 0ms

=ERROR REPORT==== 26-Jan-2013::17:43:17 ===
GET /poll/getUpdate/1359214936218184 [todo] 404 0ms

=ERROR REPORT==== 26-Jan-2013::17:43:17 ===
GET /poll/getUpdate/1359214936218184 [todo] 404 0ms

=ERROR REPORT==== 26-Jan-2013::17:43:17 ===
GET /poll/getUpdate/1359214936218184 [todo] 404 0ms

=ERROR REPORT==== 26-Jan-2013::17:43:17 ===
GET /poll/getUpdate/1359214936218184 [todo] 404 0ms

=ERROR REPORT==== 26-Jan-2013::17:43:17 ===
GET /poll/getUpdate/1359214936218184 [todo] 404 0ms

=ERROR REPORT==== 26-Jan-2013::17:43:17 ===
GET /poll/getUpdate/1359214936218184 [todo] 404 0ms

=ERROR REPORT==== 26-Jan-2013::17:43:17 ===
GET /poll/getUpdate/1359214936218184 [todo] 404 0ms

=ERROR REPORT==== 26-Jan-2013::17:43:17 ===
GET /poll/getUpdate/1359214936218184 [todo] 404 0ms

=ERROR REPORT==== 26-Jan-2013::17:43:17 ===
GET /poll/getUpdate/1359214936218184 [todo] 404 0ms

=ERROR REPORT==== 26-Jan-2013::17:43:17 ===
GET /poll/getUpdate/1359214936218184 [todo] 404 0ms

=ERROR REPORT==== 26-Jan-2013::17:43:17 ===
GET /poll/getUpdate/1359214936218184 [todo] 404 0ms

=ERROR REPORT==== 26-Jan-2013::17:43:17 ===
GET /poll/getUpdate/1359214936218184 [todo] 404 0ms

=ERROR REPORT==== 26-Jan-2013::17:43:17 ===
GET /poll/getUpdate/1359214936218184 [todo] 404 0ms

=ERROR REPORT==== 26-Jan-2013::17:43:17 ===
GET /poll/getUpdate/1359214936218184 [todo] 404 0ms

=ERROR REPORT==== 26-Jan-2013::17:43:17 ===
GET /poll/getUpdate/1359214936218184 [todo] 404 0ms

=ERROR REPORT==== 26-Jan-2013::17:43:17 ===
GET /poll/getUpdate/1359214936218184 [todo] 404 0ms

=ERROR REPORT==== 26-Jan-2013::17:43:17 ===
GET /poll/getUpdate/1359214936218184 [todo] 404 0ms

=ERROR REPORT==== 26-Jan-2013::17:43:17 ===
GET /poll/getUpdate/1359214936218184 [todo] 404 0ms

=ERROR REPORT==== 26-Jan-2013::17:43:17 ===
GET /poll/getUpdate/1359214936218184 [todo] 404 0ms

=ERROR REPORT==== 26-Jan-2013::17:43:17 ===
GET /poll/getUpdate/1359214936218184 [todo] 404 0ms

=ERROR REPORT==== 26-Jan-2013::17:43:17 ===
GET /poll/getUpdate/1359214936218184 [todo] 404 0ms

=ERROR REPORT==== 26-Jan-2013::17:43:17 ===
GET /poll/getUpdate/1359214936218184 [todo] 404 0ms

=ERROR REPORT==== 26-Jan-2013::17:43:17 ===
GET /poll/getUpdate/1359214936218184 [todo] 404 0ms

=ERROR REPORT==== 26-Jan-2013::17:43:17 ===
GET /poll/getUpdate/1359214936218184 [todo] 404 0ms

=ERROR REPORT==== 26-Jan-2013::17:43:17 ===
GET /poll/getUpdate/1359214936218184 [todo] 404 0ms

=ERROR REPORT==== 26-Jan-2013::17:43:17 ===
GET /poll/getUpdate/1359214936218184 [todo] 404 0ms

=ERROR REPORT==== 26-Jan-2013::17:43:17 ===
GET /poll/getUpdate/1359214936218184 [todo] 404 0ms

=ERROR REPORT==== 26-Jan-2013::17:43:17 ===
GET /poll/getUpdate/1359214936218184 [todo] 404 0ms

=ERROR REPORT==== 26-Jan-2013::17:43:17 ===
GET /poll/getUpdate/1359214936218184 [todo] 404 0ms

=ERROR REPORT==== 26-Jan-2013::17:43:17 ===
GET /poll/getUpdate/1359214936218184 [todo] 404 0ms

=ERROR REPORT==== 26-Jan-2013::17:43:17 ===
GET /poll/getUpdate/1359214936218184 [todo] 404 0ms

=ERROR REPORT==== 26-Jan-2013::17:43:17 ===
GET /poll/getUpdate/1359214936218184 [todo] 404 0ms

=ERROR REPORT==== 26-Jan-2013::17:43:17 ===
** Generic server <0.281.0> terminating 
** Last message in was {route,"/"}
** When Server state == {state,todo,[],184340,188437}
** Reason for termination == 
** {'module could not be loaded',
       [{todo_home_controller,module_info,[exports],[]},
        {boss_controller_lib,convert_params_to_tokens,3,
            [{file,"src/boss/boss_controller_lib.erl"},{line,5}]},
        {boss_router_controller,handle_call,3,
            [{file,"src/boss/boss_router_controller.erl"},{line,73}]},
        {gen_server,handle_msg,5,[{file,"gen_server.erl"},{line,588}]},
        {proc_lib,init_p_do_apply,3,[{file,"proc_lib.erl"},{line,227}]}]}

=INFO REPORT==== 26-Jan-2013::17:43:17 ===
Loading routes from "../todo/priv/todo.routes" ....

=ERROR REPORT==== 26-Jan-2013::17:43:17 ===
GET /poll/getUpdate/1359214936218184 [todo] 404 0ms

=ERROR REPORT==== 26-Jan-2013::17:43:17 ===
GET /poll/getUpdate/1359214936211355 [todo] 404 0ms

=ERROR REPORT==== 26-Jan-2013::17:43:17 ===
GET /poll/getUpdate/1359214936218184 [todo] 404 0ms

=ERROR REPORT==== 26-Jan-2013::17:43:17 ===
GET /poll/getUpdate/1359214936218184 [todo] 404 0ms

=ERROR REPORT==== 26-Jan-2013::17:43:17 ===
GET /poll/getUpdate/1359214936218184 [todo] 404 0ms

=ERROR REPORT==== 26-Jan-2013::17:43:17 ===
GET /poll/getUpdate/1359214936218184 [todo] 404 0ms

=ERROR REPORT==== 26-Jan-2013::17:43:17 ===
GET /poll/getUpdate/1359214936218184 [todo] 404 0ms

=ERROR REPORT==== 26-Jan-2013::17:43:17 ===
GET /poll/getUpdate/1359214936218184 [todo] 404 0ms

=ERROR REPORT==== 26-Jan-2013::17:43:17 ===
GET /poll/getUpdate/1359214936218184 [todo] 404 0ms

=ERROR REPORT==== 26-Jan-2013::17:43:17 ===
GET /poll/getUpdate/1359214936218184 [todo] 404 0ms

=ERROR REPORT==== 26-Jan-2013::17:43:17 ===
GET /poll/getUpdate/1359214936218184 [todo] 404 0ms

=ERROR REPORT==== 26-Jan-2013::17:43:17 ===
GET /poll/getUpdate/1359214936218184 [todo] 404 0ms

=ERROR REPORT==== 26-Jan-2013::17:43:17 ===
GET /poll/getUpdate/1359214936218184 [todo] 404 0ms

=ERROR REPORT==== 26-Jan-2013::17:43:17 ===
GET /poll/getUpdate/1359214936218184 [todo] 404 0ms

=ERROR REPORT==== 26-Jan-2013::17:43:17 ===
GET /poll/getUpdate/1359214936218184 [todo] 404 0ms

=ERROR REPORT==== 26-Jan-2013::17:43:17 ===
GET /poll/getUpdate/1359214936218184 [todo] 404 0ms

=ERROR REPORT==== 26-Jan-2013::17:43:17 ===
GET /poll/getUpdate/1359214936218184 [todo] 404 0ms

=ERROR REPORT==== 26-Jan-2013::17:43:17 ===
GET /poll/getUpdate/1359214936218184 [todo] 404 0ms

=ERROR REPORT==== 26-Jan-2013::17:43:17 ===
GET /poll/getUpdate/1359214936218184 [todo] 404 0ms

=ERROR REPORT==== 26-Jan-2013::17:43:17 ===
GET /poll/getUpdate/1359214936218184 [todo] 404 0ms

=ERROR REPORT==== 26-Jan-2013::17:43:17 ===
GET /poll/getUpdate/1359214936218184 [todo] 404 0ms

=ERROR REPORT==== 26-Jan-2013::17:43:17 ===
GET /poll/getUpdate/1359214936218184 [todo] 404 0ms

=ERROR REPORT==== 26-Jan-2013::17:43:17 ===
GET /poll/getUpdate/1359214936218184 [todo] 404 0ms

=ERROR REPORT==== 26-Jan-2013::17:43:17 ===
GET /poll/getUpdate/1359214936218184 [todo] 404 0ms

=ERROR REPORT==== 26-Jan-2013::17:43:17 ===
GET /poll/getUpdate/1359214936218184 [todo] 404 0ms

=ERROR REPORT==== 26-Jan-2013::17:43:17 ===
GET /poll/getUpdate/1359214936218184 [todo] 404 0ms

=ERROR REPORT==== 26-Jan-2013::17:43:17 ===
GET /poll/getUpdate/1359214936218184 [todo] 404 0ms

=ERROR REPORT==== 26-Jan-2013::17:43:17 ===
GET /poll/getUpdate/1359214936218184 [todo] 404 0ms

=ERROR REPORT==== 26-Jan-2013::17:43:18 ===
GET /poll/getUpdate/1359214936218184 [todo] 404 0ms

=ERROR REPORT==== 26-Jan-2013::17:43:18 ===
GET /poll/getUpdate/1359214936218184 [todo] 404 0ms

=ERROR REPORT==== 26-Jan-2013::17:43:18 ===
GET /poll/getUpdate/1359214936218184 [todo] 404 0ms

=ERROR REPORT==== 26-Jan-2013::17:43:18 ===
GET /poll/getUpdate/1359214936218184 [todo] 404 0ms

=ERROR REPORT==== 26-Jan-2013::17:43:18 ===
GET /poll/getUpdate/1359214936218184 [todo] 404 0ms

=ERROR REPORT==== 26-Jan-2013::17:43:18 ===
GET /poll/getUpdate/1359214936218184 [todo] 404 0ms

=ERROR REPORT==== 26-Jan-2013::17:43:18 ===
GET /poll/getUpdate/1359214936218184 [todo] 404 0ms

=ERROR REPORT==== 26-Jan-2013::17:43:18 ===
** Generic server <0.284.0> terminating 
** Last message in was {route,"/"}
** When Server state == {state,todo,[],192533,196628}
** Reason for termination == 
** {'module could not be loaded',
       [{todo_home_controller,module_info,[exports],[]},
        {boss_controller_lib,convert_params_to_tokens,3,
            [{file,"src/boss/boss_controller_lib.erl"},{line,5}]},
        {boss_router_controller,handle_call,3,
            [{file,"src/boss/boss_router_controller.erl"},{line,73}]},
        {gen_server,handle_msg,5,[{file,"gen_server.erl"},{line,588}]},
        {proc_lib,init_p_do_apply,3,[{file,"proc_lib.erl"},{line,227}]}]}
